[ 2025-12-04 17:53:18,808 ] 1025 httpx - INFO - HTTP Request: GET https://dagshub.com/api/v1/user "HTTP/1.1 200 OK"
[ 2025-12-04 17:53:18,816 ] 107 dagshub - INFO - Accessing as Divyanshu2908
[ 2025-12-04 17:53:19,836 ] 1025 httpx - INFO - HTTP Request: GET https://dagshub.com/api/v1/repos/Divyanshu2908/network_security "HTTP/1.1 200 OK"
[ 2025-12-04 17:53:20,818 ] 1025 httpx - INFO - HTTP Request: GET https://dagshub.com/api/v1/user "HTTP/1.1 200 OK"
[ 2025-12-04 17:53:20,821 ] 107 dagshub - INFO - Initialized MLflow to track repo "Divyanshu2908/network_security"
[ 2025-12-04 17:53:20,822 ] 107 dagshub - INFO - Repository Divyanshu2908/network_security initialized!
[ 2025-12-04 17:53:20,822 ] 20 root - INFO - Initiate the data ingestion
[ 2025-12-04 17:53:23,620 ] 66 root - INFO - Performed train test split on the dataframe
[ 2025-12-04 17:53:23,620 ] 68 root - INFO - Exited split_data_as_train_test method of Data_Ingestion class
[ 2025-12-04 17:53:23,620 ] 76 root - INFO - Exporting train and test file path.
[ 2025-12-04 17:53:23,665 ] 85 root - INFO - Exported train and test file path.
[ 2025-12-04 17:53:23,665 ] 22 root - INFO - Data Initiation Completed
[ 2025-12-04 17:53:23,670 ] 26 root - INFO - Initiate the data Validation
[ 2025-12-04 17:53:23,686 ] 32 root - INFO - Required number of columns:2
[ 2025-12-04 17:53:23,686 ] 33 root - INFO - Data frame has columns:31
[ 2025-12-04 17:53:23,686 ] 32 root - INFO - Required number of columns:2
[ 2025-12-04 17:53:23,686 ] 33 root - INFO - Data frame has columns:31
[ 2025-12-04 17:53:23,803 ] 28 root - INFO - data Validation Completed
[ 2025-12-04 17:53:23,803 ] 31 root - INFO - data Transformation started
[ 2025-12-04 17:53:23,803 ] 63 root - INFO - Entered initiate_data_transformation method of DataTransformation class
[ 2025-12-04 17:53:23,803 ] 65 root - INFO - Starting data transformation
[ 2025-12-04 17:53:23,817 ] 48 root - INFO - Entered get_data_trnasformer_object method of Trnasformation class
[ 2025-12-04 17:53:23,817 ] 53 root - INFO - Initialise KNNImputer with {'missing_values': nan, 'n_neighbors': 3, 'weights': 'uniform'}
[ 2025-12-04 17:53:23,822 ] 46 root - INFO - Entered the save_object method of MainUtils class
[ 2025-12-04 17:53:23,824 ] 50 root - INFO - Exited the save_object method of MainUtils class
[ 2025-12-04 17:53:23,824 ] 46 root - INFO - Entered the save_object method of MainUtils class
[ 2025-12-04 17:53:23,824 ] 50 root - INFO - Exited the save_object method of MainUtils class
[ 2025-12-04 17:53:23,825 ] 35 root - INFO - data Transformation completed
[ 2025-12-04 17:53:23,825 ] 37 root - INFO - Model Training sstared
