[ 2025-12-04 18:26:06,814 ] 1025 httpx - INFO - HTTP Request: GET https://dagshub.com/api/v1/user "HTTP/1.1 200 OK"
[ 2025-12-04 18:26:06,822 ] 107 dagshub - INFO - Accessing as Divyanshu2908
[ 2025-12-04 18:26:07,826 ] 1025 httpx - INFO - HTTP Request: GET https://dagshub.com/api/v1/repos/Divyanshu2908/network_security "HTTP/1.1 200 OK"
[ 2025-12-04 18:26:08,759 ] 1025 httpx - INFO - HTTP Request: GET https://dagshub.com/api/v1/user "HTTP/1.1 200 OK"
[ 2025-12-04 18:26:08,762 ] 107 dagshub - INFO - Initialized MLflow to track repo "Divyanshu2908/network_security"
[ 2025-12-04 18:26:08,763 ] 107 dagshub - INFO - Repository Divyanshu2908/network_security initialized!
[ 2025-12-04 18:26:08,763 ] 20 root - INFO - Initiate the data ingestion
[ 2025-12-04 18:26:12,495 ] 66 root - INFO - Performed train test split on the dataframe
[ 2025-12-04 18:26:12,495 ] 68 root - INFO - Exited split_data_as_train_test method of Data_Ingestion class
[ 2025-12-04 18:26:12,495 ] 76 root - INFO - Exporting train and test file path.
[ 2025-12-04 18:26:12,539 ] 85 root - INFO - Exported train and test file path.
[ 2025-12-04 18:26:12,539 ] 22 root - INFO - Data Initiation Completed
[ 2025-12-04 18:26:12,544 ] 26 root - INFO - Initiate the data Validation
[ 2025-12-04 18:26:12,563 ] 32 root - INFO - Required number of columns:2
[ 2025-12-04 18:26:12,563 ] 33 root - INFO - Data frame has columns:31
[ 2025-12-04 18:26:12,563 ] 32 root - INFO - Required number of columns:2
[ 2025-12-04 18:26:12,563 ] 33 root - INFO - Data frame has columns:31
[ 2025-12-04 18:26:12,683 ] 28 root - INFO - data Validation Completed
[ 2025-12-04 18:26:12,683 ] 31 root - INFO - data Transformation started
[ 2025-12-04 18:26:12,683 ] 63 root - INFO - Entered initiate_data_transformation method of DataTransformation class
[ 2025-12-04 18:26:12,683 ] 65 root - INFO - Starting data transformation
[ 2025-12-04 18:26:12,700 ] 48 root - INFO - Entered get_data_trnasformer_object method of Trnasformation class
[ 2025-12-04 18:26:12,700 ] 53 root - INFO - Initialise KNNImputer with {'missing_values': nan, 'n_neighbors': 3, 'weights': 'uniform'}
[ 2025-12-04 18:26:12,707 ] 46 root - INFO - Entered the save_object method of MainUtils class
[ 2025-12-04 18:26:12,713 ] 50 root - INFO - Exited the save_object method of MainUtils class
[ 2025-12-04 18:26:12,713 ] 46 root - INFO - Entered the save_object method of MainUtils class
[ 2025-12-04 18:26:12,715 ] 50 root - INFO - Exited the save_object method of MainUtils class
[ 2025-12-04 18:26:12,716 ] 35 root - INFO - data Transformation completed
[ 2025-12-04 18:26:12,716 ] 37 root - INFO - Model Training sstared
