[ 2025-12-04 16:56:49,875 ] 1025 httpx - INFO - HTTP Request: GET https://dagshub.com/api/v1/user "HTTP/1.1 200 OK"
[ 2025-12-04 16:56:49,879 ] 107 dagshub - INFO - Accessing as Divyanshu2908
[ 2025-12-04 16:56:51,105 ] 1025 httpx - INFO - HTTP Request: GET https://dagshub.com/api/v1/repos/Divyanshu2908/network_security "HTTP/1.1 200 OK"
[ 2025-12-04 16:56:52,168 ] 1025 httpx - INFO - HTTP Request: GET https://dagshub.com/api/v1/user "HTTP/1.1 200 OK"
[ 2025-12-04 16:56:52,170 ] 107 dagshub - INFO - Initialized MLflow to track repo "Divyanshu2908/network_security"
[ 2025-12-04 16:56:52,170 ] 107 dagshub - INFO - Repository Divyanshu2908/network_security initialized!
[ 2025-12-04 16:56:55,712 ] 20 root - INFO - Initiate the data ingestion
[ 2025-12-04 16:56:58,548 ] 66 root - INFO - Performed train test split on the dataframe
[ 2025-12-04 16:56:58,548 ] 68 root - INFO - Exited split_data_as_train_test method of Data_Ingestion class
[ 2025-12-04 16:56:58,549 ] 76 root - INFO - Exporting train and test file path.
[ 2025-12-04 16:56:58,591 ] 85 root - INFO - Exported train and test file path.
[ 2025-12-04 16:56:58,591 ] 22 root - INFO - Data Initiation Completed
[ 2025-12-04 16:56:58,596 ] 26 root - INFO - Initiate the data Validation
[ 2025-12-04 16:56:58,613 ] 32 root - INFO - Required number of columns:2
[ 2025-12-04 16:56:58,613 ] 33 root - INFO - Data frame has columns:31
[ 2025-12-04 16:56:58,613 ] 32 root - INFO - Required number of columns:2
[ 2025-12-04 16:56:58,613 ] 33 root - INFO - Data frame has columns:31
[ 2025-12-04 16:56:58,739 ] 28 root - INFO - data Validation Completed
[ 2025-12-04 16:56:58,740 ] 31 root - INFO - data Transformation started
[ 2025-12-04 16:56:58,740 ] 63 root - INFO - Entered initiate_data_transformation method of DataTransformation class
[ 2025-12-04 16:56:58,740 ] 65 root - INFO - Starting data transformation
[ 2025-12-04 16:56:58,754 ] 48 root - INFO - Entered get_data_trnasformer_object method of Trnasformation class
[ 2025-12-04 16:56:58,754 ] 53 root - INFO - Initialise KNNImputer with {'missing_values': nan, 'n_neighbors': 3, 'weights': 'uniform'}
[ 2025-12-04 16:56:58,762 ] 46 root - INFO - Entered the save_object method of MainUtils class
[ 2025-12-04 16:56:58,763 ] 50 root - INFO - Exited the save_object method of MainUtils class
[ 2025-12-04 16:56:58,763 ] 46 root - INFO - Entered the save_object method of MainUtils class
[ 2025-12-04 16:56:58,767 ] 50 root - INFO - Exited the save_object method of MainUtils class
[ 2025-12-04 16:56:58,770 ] 35 root - INFO - data Transformation completed
[ 2025-12-04 16:56:58,770 ] 37 root - INFO - Model Training sstared
