[ 2025-12-04 17:44:38,240 ] 1025 httpx - INFO - HTTP Request: GET https://dagshub.com/api/v1/user "HTTP/1.1 200 OK"
[ 2025-12-04 17:44:38,247 ] 107 dagshub - INFO - Accessing as Divyanshu2908
[ 2025-12-04 17:44:39,400 ] 1025 httpx - INFO - HTTP Request: GET https://dagshub.com/api/v1/repos/Divyanshu2908/network_security "HTTP/1.1 200 OK"
[ 2025-12-04 17:44:40,379 ] 1025 httpx - INFO - HTTP Request: GET https://dagshub.com/api/v1/user "HTTP/1.1 200 OK"
[ 2025-12-04 17:44:40,381 ] 107 dagshub - INFO - Initialized MLflow to track repo "Divyanshu2908/network_security"
[ 2025-12-04 17:44:40,381 ] 107 dagshub - INFO - Repository Divyanshu2908/network_security initialized!
[ 2025-12-04 17:44:44,038 ] 20 root - INFO - Initiate the data ingestion
[ 2025-12-04 17:44:47,283 ] 66 root - INFO - Performed train test split on the dataframe
[ 2025-12-04 17:44:47,283 ] 68 root - INFO - Exited split_data_as_train_test method of Data_Ingestion class
[ 2025-12-04 17:44:47,283 ] 76 root - INFO - Exporting train and test file path.
[ 2025-12-04 17:44:47,328 ] 85 root - INFO - Exported train and test file path.
[ 2025-12-04 17:44:47,329 ] 22 root - INFO - Data Initiation Completed
[ 2025-12-04 17:44:47,334 ] 26 root - INFO - Initiate the data Validation
[ 2025-12-04 17:44:47,355 ] 32 root - INFO - Required number of columns:2
[ 2025-12-04 17:44:47,355 ] 33 root - INFO - Data frame has columns:31
[ 2025-12-04 17:44:47,355 ] 32 root - INFO - Required number of columns:2
[ 2025-12-04 17:44:47,355 ] 33 root - INFO - Data frame has columns:31
[ 2025-12-04 17:44:47,492 ] 28 root - INFO - data Validation Completed
[ 2025-12-04 17:44:47,492 ] 31 root - INFO - data Transformation started
[ 2025-12-04 17:44:47,492 ] 63 root - INFO - Entered initiate_data_transformation method of DataTransformation class
[ 2025-12-04 17:44:47,492 ] 65 root - INFO - Starting data transformation
[ 2025-12-04 17:44:47,509 ] 48 root - INFO - Entered get_data_trnasformer_object method of Trnasformation class
[ 2025-12-04 17:44:47,510 ] 53 root - INFO - Initialise KNNImputer with {'missing_values': nan, 'n_neighbors': 3, 'weights': 'uniform'}
[ 2025-12-04 17:44:47,519 ] 46 root - INFO - Entered the save_object method of MainUtils class
[ 2025-12-04 17:44:47,521 ] 50 root - INFO - Exited the save_object method of MainUtils class
[ 2025-12-04 17:44:47,521 ] 46 root - INFO - Entered the save_object method of MainUtils class
[ 2025-12-04 17:44:47,524 ] 50 root - INFO - Exited the save_object method of MainUtils class
[ 2025-12-04 17:44:47,525 ] 35 root - INFO - data Transformation completed
[ 2025-12-04 17:44:47,525 ] 37 root - INFO - Model Training sstared
