[ 2025-12-04 16:44:44,674 ] 1025 httpx - INFO - HTTP Request: GET https://dagshub.com/api/v1/user "HTTP/1.1 200 OK"
[ 2025-12-04 16:44:44,692 ] 107 dagshub - INFO - Accessing as Divyanshu2908
[ 2025-12-04 16:44:45,701 ] 1025 httpx - INFO - HTTP Request: GET https://dagshub.com/api/v1/repos/Divyanshu2908/network_security "HTTP/1.1 200 OK"
[ 2025-12-04 16:44:47,013 ] 1025 httpx - INFO - HTTP Request: GET https://dagshub.com/api/v1/user "HTTP/1.1 200 OK"
[ 2025-12-04 16:44:47,014 ] 107 dagshub - INFO - Initialized MLflow to track repo "Divyanshu2908/network_security"
[ 2025-12-04 16:44:47,015 ] 107 dagshub - INFO - Repository Divyanshu2908/network_security initialized!
[ 2025-12-04 16:44:47,015 ] 20 root - INFO - Initiate the data ingestion
[ 2025-12-04 16:44:51,880 ] 66 root - INFO - Performed train test split on the dataframe
[ 2025-12-04 16:44:51,880 ] 68 root - INFO - Exited split_data_as_train_test method of Data_Ingestion class
[ 2025-12-04 16:44:51,880 ] 76 root - INFO - Exporting train and test file path.
[ 2025-12-04 16:44:51,924 ] 85 root - INFO - Exported train and test file path.
[ 2025-12-04 16:44:51,925 ] 22 root - INFO - Data Initiation Completed
[ 2025-12-04 16:44:51,929 ] 26 root - INFO - Initiate the data Validation
[ 2025-12-04 16:44:51,948 ] 32 root - INFO - Required number of columns:2
[ 2025-12-04 16:44:51,948 ] 33 root - INFO - Data frame has columns:31
[ 2025-12-04 16:44:51,948 ] 32 root - INFO - Required number of columns:2
[ 2025-12-04 16:44:51,948 ] 33 root - INFO - Data frame has columns:31
[ 2025-12-04 16:44:52,082 ] 28 root - INFO - data Validation Completed
[ 2025-12-04 16:44:52,082 ] 31 root - INFO - data Transformation started
[ 2025-12-04 16:44:52,082 ] 63 root - INFO - Entered initiate_data_transformation method of DataTransformation class
[ 2025-12-04 16:44:52,082 ] 65 root - INFO - Starting data transformation
[ 2025-12-04 16:44:52,098 ] 48 root - INFO - Entered get_data_trnasformer_object method of Trnasformation class
[ 2025-12-04 16:44:52,098 ] 53 root - INFO - Initialise KNNImputer with {'missing_values': nan, 'n_neighbors': 3, 'weights': 'uniform'}
[ 2025-12-04 16:44:52,106 ] 46 root - INFO - Entered the save_object method of MainUtils class
[ 2025-12-04 16:44:52,107 ] 50 root - INFO - Exited the save_object method of MainUtils class
[ 2025-12-04 16:44:52,107 ] 46 root - INFO - Entered the save_object method of MainUtils class
[ 2025-12-04 16:44:52,109 ] 50 root - INFO - Exited the save_object method of MainUtils class
[ 2025-12-04 16:44:52,110 ] 35 root - INFO - data Transformation completed
[ 2025-12-04 16:44:52,110 ] 37 root - INFO - Model Training sstared
[ 2025-12-04 16:47:44,041 ] 868 urllib3.connectionpool - WARNING - Retrying (Retry(total=6, connect=6, read=7, redirect=7, status=7)) after connection broken by 'NameResolutionError("<urllib3.connection.HTTPSConnection object at 0x12a5c7dc0>: Failed to resolve 'dagshub.com' ([Errno 8] nodename nor servname provided, or not known)")': /Divyanshu2908/network_security.mlflow/api/2.0/mlflow/runs/create
[ 2025-12-04 16:47:48,426 ] 868 urllib3.connectionpool - WARNING - Retrying (Retry(total=5, connect=5, read=7, redirect=7, status=7)) after connection broken by 'NameResolutionError("<urllib3.connection.HTTPSConnection object at 0x12a5c75e0>: Failed to resolve 'dagshub.com' ([Errno 8] nodename nor servname provided, or not known)")': /Divyanshu2908/network_security.mlflow/api/2.0/mlflow/runs/create
[ 2025-12-04 16:47:56,542 ] 868 urllib3.connectionpool - WARNING - Retrying (Retry(total=4, connect=4, read=7, redirect=7, status=7)) after connection broken by 'NameResolutionError("<urllib3.connection.HTTPSConnection object at 0x12a2f2cb0>: Failed to resolve 'dagshub.com' ([Errno 8] nodename nor servname provided, or not known)")': /Divyanshu2908/network_security.mlflow/api/2.0/mlflow/runs/create
[ 2025-12-04 16:48:12,691 ] 868 urllib3.connectionpool - WARNING - Retrying (Retry(total=3, connect=3, read=7, redirect=7, status=7)) after connection broken by 'NameResolutionError("<urllib3.connection.HTTPSConnection object at 0x12a2f3580>: Failed to resolve 'dagshub.com' ([Errno 8] nodename nor servname provided, or not known)")': /Divyanshu2908/network_security.mlflow/api/2.0/mlflow/runs/create
